<?xml version="1.0" encoding="UTF-8"?>
<testsuite name="com.example.todo.TodoApplicationTests" tests="1" skipped="0" failures="0" errors="0" timestamp="2021-01-05T14:19:17" hostname="ZDENDA-PC" time="0.36">
  <properties/>
  <testcase name="contextLoads()" classname="com.example.todo.TodoApplicationTests" time="0.36"/>
  <system-out><![CDATA[15:19:08.334 [Test worker] DEBUG org.springframework.test.context.BootstrapUtils - Instantiating CacheAwareContextLoaderDelegate from class [org.springframework.test.context.cache.DefaultCacheAwareContextLoaderDelegate]
15:19:08.362 [Test worker] DEBUG org.springframework.test.context.BootstrapUtils - Instantiating BootstrapContext using constructor [public org.springframework.test.context.support.DefaultBootstrapContext(java.lang.Class,org.springframework.test.context.CacheAwareContextLoaderDelegate)]
15:19:08.432 [Test worker] DEBUG org.springframework.test.context.BootstrapUtils - Instantiating TestContextBootstrapper for test class [com.example.todo.TodoApplicationTests] from class [org.springframework.boot.test.context.SpringBootTestContextBootstrapper]
15:19:08.455 [Test worker] INFO org.springframework.boot.test.context.SpringBootTestContextBootstrapper - Neither @ContextConfiguration nor @ContextHierarchy found for test class [com.example.todo.TodoApplicationTests], using SpringBootContextLoader
15:19:08.463 [Test worker] DEBUG org.springframework.test.context.support.AbstractContextLoader - Did not detect default resource location for test class [com.example.todo.TodoApplicationTests]: class path resource [com/example/todo/TodoApplicationTests-context.xml] does not exist
15:19:08.465 [Test worker] DEBUG org.springframework.test.context.support.AbstractContextLoader - Did not detect default resource location for test class [com.example.todo.TodoApplicationTests]: class path resource [com/example/todo/TodoApplicationTestsContext.groovy] does not exist
15:19:08.465 [Test worker] INFO org.springframework.test.context.support.AbstractContextLoader - Could not detect default resource locations for test class [com.example.todo.TodoApplicationTests]: no resource found for suffixes {-context.xml, Context.groovy}.
15:19:08.467 [Test worker] INFO org.springframework.test.context.support.AnnotationConfigContextLoaderUtils - Could not detect default configuration classes for test class [com.example.todo.TodoApplicationTests]: TodoApplicationTests does not declare any static, non-private, non-final, nested classes annotated with @Configuration.
15:19:08.547 [Test worker] DEBUG org.springframework.test.context.support.ActiveProfilesUtils - Could not find an 'annotation declaring class' for annotation type [org.springframework.test.context.ActiveProfiles] and class [com.example.todo.TodoApplicationTests]
15:19:08.666 [Test worker] DEBUG org.springframework.context.annotation.ClassPathScanningCandidateComponentProvider - Identified candidate component class: file [D:\Greenfox\Luzkix\week-26_27_projectPhase_ToDoAdvanced\ToDoAdvanced\build\classes\java\main\com\example\todo\TodoApplication.class]
15:19:08.669 [Test worker] INFO org.springframework.boot.test.context.SpringBootTestContextBootstrapper - Found @SpringBootConfiguration com.example.todo.TodoApplication for test class com.example.todo.TodoApplicationTests
15:19:08.861 [Test worker] DEBUG org.springframework.boot.test.context.SpringBootTestContextBootstrapper - @TestExecutionListeners is not present for class [com.example.todo.TodoApplicationTests]: using defaults.
15:19:08.862 [Test worker] INFO org.springframework.boot.test.context.SpringBootTestContextBootstrapper - Loaded default TestExecutionListener class names from location [META-INF/spring.factories]: [org.springframework.security.test.context.support.WithSecurityContextTestExecutionListener, org.springframework.security.test.context.support.ReactorContextTestExecutionListener, org.springframework.boot.test.autoconfigure.restdocs.RestDocsTestExecutionListener, org.springframework.boot.test.autoconfigure.web.client.MockRestServiceServerResetTestExecutionListener, org.springframework.boot.test.autoconfigure.web.servlet.MockMvcPrintOnlyOnFailureTestExecutionListener, org.springframework.boot.test.autoconfigure.web.servlet.WebDriverTestExecutionListener, org.springframework.boot.test.autoconfigure.webservices.client.MockWebServiceServerTestExecutionListener, org.springframework.boot.test.mock.mockito.MockitoTestExecutionListener, org.springframework.boot.test.mock.mockito.ResetMocksTestExecutionListener, org.springframework.test.context.web.ServletTestExecutionListener, org.springframework.test.context.support.DirtiesContextBeforeModesTestExecutionListener, org.springframework.test.context.support.DependencyInjectionTestExecutionListener, org.springframework.test.context.support.DirtiesContextTestExecutionListener, org.springframework.test.context.transaction.TransactionalTestExecutionListener, org.springframework.test.context.jdbc.SqlScriptsTestExecutionListener, org.springframework.test.context.event.EventPublishingTestExecutionListener]
15:19:08.904 [Test worker] INFO org.springframework.boot.test.context.SpringBootTestContextBootstrapper - Using TestExecutionListeners: [org.springframework.test.context.web.ServletTestExecutionListener@6f781903, org.springframework.test.context.support.DirtiesContextBeforeModesTestExecutionListener@43bc0088, org.springframework.boot.test.mock.mockito.MockitoTestExecutionListener@44b7f786, org.springframework.boot.test.autoconfigure.SpringBootDependencyInjectionTestExecutionListener@3a6fddf6, org.springframework.test.context.support.DirtiesContextTestExecutionListener@15707bb9, org.springframework.test.context.transaction.TransactionalTestExecutionListener@36eb81df, org.springframework.test.context.jdbc.SqlScriptsTestExecutionListener@4d9b4b43, org.springframework.security.test.context.support.WithSecurityContextTestExecutionListener@9dfaf6b, org.springframework.test.context.event.EventPublishingTestExecutionListener@1fe4a05a, org.springframework.security.test.context.support.ReactorContextTestExecutionListener@756b3f00, org.springframework.boot.test.autoconfigure.restdocs.RestDocsTestExecutionListener@623da3bd, org.springframework.boot.test.autoconfigure.web.client.MockRestServiceServerResetTestExecutionListener@16edec66, org.springframework.boot.test.autoconfigure.web.servlet.MockMvcPrintOnlyOnFailureTestExecutionListener@2c316891, org.springframework.boot.test.autoconfigure.web.servlet.WebDriverTestExecutionListener@8ed128, org.springframework.boot.test.autoconfigure.webservices.client.MockWebServiceServerTestExecutionListener@fa1aacf, org.springframework.boot.test.mock.mockito.ResetMocksTestExecutionListener@76d6e981]
15:19:08.911 [Test worker] DEBUG org.springframework.test.context.support.AbstractDirtiesContextTestExecutionListener - Before test class: context [DefaultTestContext@1385fde1 testClass = TodoApplicationTests, testInstance = [null], testMethod = [null], testException = [null], mergedContextConfiguration = [WebMergedContextConfiguration@4a6af499 testClass = TodoApplicationTests, locations = '{}', classes = '{class com.example.todo.TodoApplication}', contextInitializerClasses = '[]', activeProfiles = '{}', propertySourceLocations = '{}', propertySourceProperties = '{org.springframework.boot.test.context.SpringBootTestContextBootstrapper=true}', contextCustomizers = set[org.springframework.boot.test.autoconfigure.actuate.metrics.MetricsExportContextCustomizerFactory$DisableMetricExportContextCustomizer@24a1f53b, org.springframework.boot.test.autoconfigure.properties.PropertyMappingContextCustomizer@0, org.springframework.boot.test.autoconfigure.web.servlet.WebDriverContextCustomizerFactory$Customizer@377f28cc, org.springframework.boot.test.context.filter.ExcludeFilterContextCustomizer@3e5cf60b, org.springframework.boot.test.json.DuplicateJsonObjectContextCustomizerFactory$DuplicateJsonObjectContextCustomizer@7a5c73f8, org.springframework.boot.test.mock.mockito.MockitoContextCustomizer@0, org.springframework.boot.test.web.client.TestRestTemplateContextCustomizer@105d99bb, org.springframework.boot.test.context.SpringBootTestArgs@1, org.springframework.boot.test.context.SpringBootTestWebEnvironment@3de09113], resourceBasePath = 'src/main/webapp', contextLoader = 'org.springframework.boot.test.context.SpringBootContextLoader', parent = [null]], attributes = map['org.springframework.test.context.web.ServletTestExecutionListener.activateListener' -> true]], class annotated with @DirtiesContext [false] with mode [null].
15:19:08.966 [Test worker] DEBUG org.springframework.test.context.support.TestPropertySourceUtils - Adding inlined properties to environment: {spring.jmx.enabled=false, org.springframework.boot.test.context.SpringBootTestContextBootstrapper=true}

  .   ____          _            __ _ _
 /\\ / ___'_ __ _ _(_)_ __  __ _ \ \ \ \
( ( )\___ | '_ | '_| | '_ \/ _` | \ \ \ \
 \\/  ___)| |_)| | | | | || (_| |  ) ) ) )
  '  |____| .__|_| |_|_| |_\__, | / / / /
 =========|_|==============|___/=/_/_/_/
 :: Spring Boot ::                (v2.4.1)

2021-01-05 15:19:09.457  INFO 36132 --- [    Test worker] com.example.todo.TodoApplicationTests    : Starting TodoApplicationTests using Java 14.0.2 on ZDENDA-PC with PID 36132 (started by luzki in D:\Greenfox\Luzkix\week-26_27_projectPhase_ToDoAdvanced\ToDoAdvanced)
2021-01-05 15:19:09.461  INFO 36132 --- [    Test worker] com.example.todo.TodoApplicationTests    : No active profile set, falling back to default profiles: default
2021-01-05 15:19:10.730  INFO 36132 --- [    Test worker] .s.d.r.c.RepositoryConfigurationDelegate : Bootstrapping Spring Data JPA repositories in DEFAULT mode.
2021-01-05 15:19:10.841  INFO 36132 --- [    Test worker] .s.d.r.c.RepositoryConfigurationDelegate : Finished Spring Data repository scanning in 94 ms. Found 1 JPA repository interfaces.
2021-01-05 15:19:11.863  INFO 36132 --- [    Test worker] com.zaxxer.hikari.HikariDataSource       : HikariPool-1 - Starting...
2021-01-05 15:19:12.255  INFO 36132 --- [    Test worker] com.zaxxer.hikari.HikariDataSource       : HikariPool-1 - Start completed.
2021-01-05 15:19:12.389  INFO 36132 --- [    Test worker] o.hibernate.jpa.internal.util.LogHelper  : HHH000204: Processing PersistenceUnitInfo [name: default]
2021-01-05 15:19:12.530  INFO 36132 --- [    Test worker] org.hibernate.Version                    : HHH000412: Hibernate ORM core version 5.4.25.Final
2021-01-05 15:19:12.890  INFO 36132 --- [    Test worker] o.hibernate.annotations.common.Version   : HCANN000001: Hibernate Commons Annotations {5.1.2.Final}
2021-01-05 15:19:13.146  INFO 36132 --- [    Test worker] org.hibernate.dialect.Dialect            : HHH000400: Using dialect: org.hibernate.dialect.H2Dialect
2021-01-05 15:19:14.409  INFO 36132 --- [    Test worker] o.h.e.t.j.p.i.JtaPlatformInitiator       : HHH000490: Using JtaPlatform implementation: [org.hibernate.engine.transaction.jta.platform.internal.NoJtaPlatform]
2021-01-05 15:19:14.426  INFO 36132 --- [    Test worker] j.LocalContainerEntityManagerFactoryBean : Initialized JPA EntityManagerFactory for persistence unit 'default'
2021-01-05 15:19:14.930  WARN 36132 --- [    Test worker] JpaBaseConfiguration$JpaWebConfiguration : spring.jpa.open-in-view is enabled by default. Therefore, database queries may be performed during view rendering. Explicitly configure spring.jpa.open-in-view to disable this warning
2021-01-05 15:19:15.380  INFO 36132 --- [    Test worker] o.s.s.concurrent.ThreadPoolTaskExecutor  : Initializing ExecutorService 'applicationTaskExecutor'
2021-01-05 15:19:16.584  INFO 36132 --- [    Test worker] .s.s.UserDetailsServiceAutoConfiguration : 

Using generated security password: 1fe4f99b-e0e8-4f56-972d-b114fbd50566

2021-01-05 15:19:17.025  INFO 36132 --- [    Test worker] o.s.s.web.DefaultSecurityFilterChain     : Will secure any request with [org.springframework.security.web.context.request.async.WebAsyncManagerIntegrationFilter@7548d24f, org.springframework.security.web.context.SecurityContextPersistenceFilter@39f42683, org.springframework.security.web.header.HeaderWriterFilter@25deea88, org.springframework.security.web.csrf.CsrfFilter@194dd07f, org.springframework.security.web.authentication.logout.LogoutFilter@635eea88, org.springframework.security.web.authentication.UsernamePasswordAuthenticationFilter@4b95718, org.springframework.security.web.authentication.ui.DefaultLoginPageGeneratingFilter@31f918d3, org.springframework.security.web.authentication.ui.DefaultLogoutPageGeneratingFilter@61a91d8a, org.springframework.security.web.authentication.www.BasicAuthenticationFilter@5fe70458, org.springframework.security.web.savedrequest.RequestCacheAwareFilter@70f9285d, org.springframework.security.web.servletapi.SecurityContextHolderAwareRequestFilter@74c48f44, org.springframework.security.web.authentication.AnonymousAuthenticationFilter@60b1023, org.springframework.security.web.session.SessionManagementFilter@4624faea, org.springframework.security.web.access.ExceptionTranslationFilter@31c40cd7, org.springframework.security.web.access.intercept.FilterSecurityInterceptor@63e1ce50]
2021-01-05 15:19:17.206  INFO 36132 --- [    Test worker] com.example.todo.TodoApplicationTests    : Started TodoApplicationTests in 8.226 seconds (JVM running for 10.289)
]]></system-out>
  <system-err><![CDATA[]]></system-err>
</testsuite>
