<?xml version="1.0" encoding="UTF-8"?>
<testsuite name="com.example.todo.UnitTodoServiceTests" tests="5" skipped="0" failures="0" errors="0" timestamp="2021-01-13T17:01:36" hostname="ZDENDA-PC" time="0.299">
  <properties/>
  <testcase name="createNewTodoShouldReturnCreatedTodo()" classname="com.example.todo.UnitTodoServiceTests" time="0.171"/>
  <testcase name="createNewTodoNullContentShouldThrowNullPointerException()" classname="com.example.todo.UnitTodoServiceTests" time="0.017"/>
  <testcase name="filter_Urgent_ShouldReturnUrgentTodos()" classname="com.example.todo.UnitTodoServiceTests" time="0.035"/>
  <testcase name="filter_All_ShouldReturnAllTodos()" classname="com.example.todo.UnitTodoServiceTests" time="0.015"/>
  <testcase name="createNewTodoNullTitleShouldThrowNullPointerException()" classname="com.example.todo.UnitTodoServiceTests" time="0.01"/>
  <system-out><![CDATA[18:01:26.330 [Test worker] DEBUG org.springframework.test.context.BootstrapUtils - Instantiating CacheAwareContextLoaderDelegate from class [org.springframework.test.context.cache.DefaultCacheAwareContextLoaderDelegate]
18:01:26.357 [Test worker] DEBUG org.springframework.test.context.BootstrapUtils - Instantiating BootstrapContext using constructor [public org.springframework.test.context.support.DefaultBootstrapContext(java.lang.Class,org.springframework.test.context.CacheAwareContextLoaderDelegate)]
18:01:26.441 [Test worker] DEBUG org.springframework.test.context.BootstrapUtils - Instantiating TestContextBootstrapper for test class [com.example.todo.UnitTodoServiceTests] from class [org.springframework.boot.test.context.SpringBootTestContextBootstrapper]
18:01:26.471 [Test worker] INFO org.springframework.boot.test.context.SpringBootTestContextBootstrapper - Neither @ContextConfiguration nor @ContextHierarchy found for test class [com.example.todo.UnitTodoServiceTests], using SpringBootContextLoader
18:01:26.480 [Test worker] DEBUG org.springframework.test.context.support.AbstractContextLoader - Did not detect default resource location for test class [com.example.todo.UnitTodoServiceTests]: class path resource [com/example/todo/UnitTodoServiceTests-context.xml] does not exist
18:01:26.482 [Test worker] DEBUG org.springframework.test.context.support.AbstractContextLoader - Did not detect default resource location for test class [com.example.todo.UnitTodoServiceTests]: class path resource [com/example/todo/UnitTodoServiceTestsContext.groovy] does not exist
18:01:26.485 [Test worker] INFO org.springframework.test.context.support.AbstractContextLoader - Could not detect default resource locations for test class [com.example.todo.UnitTodoServiceTests]: no resource found for suffixes {-context.xml, Context.groovy}.
18:01:26.487 [Test worker] INFO org.springframework.test.context.support.AnnotationConfigContextLoaderUtils - Could not detect default configuration classes for test class [com.example.todo.UnitTodoServiceTests]: UnitTodoServiceTests does not declare any static, non-private, non-final, nested classes annotated with @Configuration.
18:01:26.593 [Test worker] DEBUG org.springframework.test.context.support.ActiveProfilesUtils - Could not find an 'annotation declaring class' for annotation type [org.springframework.test.context.ActiveProfiles] and class [com.example.todo.UnitTodoServiceTests]
18:01:26.711 [Test worker] DEBUG org.springframework.context.annotation.ClassPathScanningCandidateComponentProvider - Identified candidate component class: file [D:\Greenfox\Luzkix\week-26_27_projectPhase_GIT_Security\ToDoAdvanced\build\classes\java\main\com\example\todo\TodoApplication.class]
18:01:26.714 [Test worker] INFO org.springframework.boot.test.context.SpringBootTestContextBootstrapper - Found @SpringBootConfiguration com.example.todo.TodoApplication for test class com.example.todo.UnitTodoServiceTests
18:01:26.893 [Test worker] DEBUG org.springframework.boot.test.context.SpringBootTestContextBootstrapper - @TestExecutionListeners is not present for class [com.example.todo.UnitTodoServiceTests]: using defaults.
18:01:26.895 [Test worker] INFO org.springframework.boot.test.context.SpringBootTestContextBootstrapper - Loaded default TestExecutionListener class names from location [META-INF/spring.factories]: [org.springframework.security.test.context.support.WithSecurityContextTestExecutionListener, org.springframework.security.test.context.support.ReactorContextTestExecutionListener, org.springframework.boot.test.autoconfigure.restdocs.RestDocsTestExecutionListener, org.springframework.boot.test.autoconfigure.web.client.MockRestServiceServerResetTestExecutionListener, org.springframework.boot.test.autoconfigure.web.servlet.MockMvcPrintOnlyOnFailureTestExecutionListener, org.springframework.boot.test.autoconfigure.web.servlet.WebDriverTestExecutionListener, org.springframework.boot.test.autoconfigure.webservices.client.MockWebServiceServerTestExecutionListener, org.springframework.boot.test.mock.mockito.MockitoTestExecutionListener, org.springframework.boot.test.mock.mockito.ResetMocksTestExecutionListener, org.springframework.test.context.web.ServletTestExecutionListener, org.springframework.test.context.support.DirtiesContextBeforeModesTestExecutionListener, org.springframework.test.context.support.DependencyInjectionTestExecutionListener, org.springframework.test.context.support.DirtiesContextTestExecutionListener, org.springframework.test.context.transaction.TransactionalTestExecutionListener, org.springframework.test.context.jdbc.SqlScriptsTestExecutionListener, org.springframework.test.context.event.EventPublishingTestExecutionListener]
18:01:26.936 [Test worker] INFO org.springframework.boot.test.context.SpringBootTestContextBootstrapper - Using TestExecutionListeners: [org.springframework.test.context.web.ServletTestExecutionListener@48b7c7d8, org.springframework.test.context.support.DirtiesContextBeforeModesTestExecutionListener@2dd51718, org.springframework.boot.test.mock.mockito.MockitoTestExecutionListener@1da02ae7, org.springframework.boot.test.autoconfigure.SpringBootDependencyInjectionTestExecutionListener@760caf7a, org.springframework.test.context.support.DirtiesContextTestExecutionListener@733f64, org.springframework.test.context.transaction.TransactionalTestExecutionListener@59b85a5, org.springframework.test.context.jdbc.SqlScriptsTestExecutionListener@197070e3, org.springframework.security.test.context.support.WithSecurityContextTestExecutionListener@a946bc8, org.springframework.test.context.event.EventPublishingTestExecutionListener@1385fde1, org.springframework.security.test.context.support.ReactorContextTestExecutionListener@4a6af499, org.springframework.boot.test.autoconfigure.restdocs.RestDocsTestExecutionListener@5087725f, org.springframework.boot.test.autoconfigure.web.client.MockRestServiceServerResetTestExecutionListener@79e489ac, org.springframework.boot.test.autoconfigure.web.servlet.MockMvcPrintOnlyOnFailureTestExecutionListener@45321984, org.springframework.boot.test.autoconfigure.web.servlet.WebDriverTestExecutionListener@5861f387, org.springframework.boot.test.autoconfigure.webservices.client.MockWebServiceServerTestExecutionListener@339f675e, org.springframework.boot.test.mock.mockito.ResetMocksTestExecutionListener@6e6b3168]
18:01:26.944 [Test worker] DEBUG org.springframework.test.context.support.AbstractDirtiesContextTestExecutionListener - Before test class: context [DefaultTestContext@e2b0f2d testClass = UnitTodoServiceTests, testInstance = [null], testMethod = [null], testException = [null], mergedContextConfiguration = [WebMergedContextConfiguration@53d000ad testClass = UnitTodoServiceTests, locations = '{}', classes = '{class com.example.todo.TodoApplication}', contextInitializerClasses = '[]', activeProfiles = '{}', propertySourceLocations = '{}', propertySourceProperties = '{org.springframework.boot.test.context.SpringBootTestContextBootstrapper=true}', contextCustomizers = set[org.springframework.boot.test.autoconfigure.actuate.metrics.MetricsExportContextCustomizerFactory$DisableMetricExportContextCustomizer@43b6618a, org.springframework.boot.test.autoconfigure.properties.PropertyMappingContextCustomizer@0, org.springframework.boot.test.autoconfigure.web.servlet.WebDriverContextCustomizerFactory$Customizer@370c2909, org.springframework.boot.test.context.filter.ExcludeFilterContextCustomizer@7c643e56, org.springframework.boot.test.json.DuplicateJsonObjectContextCustomizerFactory$DuplicateJsonObjectContextCustomizer@7b5e374b, org.springframework.boot.test.mock.mockito.MockitoContextCustomizer@0, org.springframework.boot.test.web.client.TestRestTemplateContextCustomizer@e3d1b53, org.springframework.boot.test.context.SpringBootTestArgs@1, org.springframework.boot.test.context.SpringBootTestWebEnvironment@561ee796], resourceBasePath = 'src/main/webapp', contextLoader = 'org.springframework.boot.test.context.SpringBootContextLoader', parent = [null]], attributes = map['org.springframework.test.context.web.ServletTestExecutionListener.activateListener' -> true]], class annotated with @DirtiesContext [false] with mode [null].
18:01:28.032 [Test worker] DEBUG org.springframework.test.context.support.TestPropertySourceUtils - Adding inlined properties to environment: {spring.jmx.enabled=false, org.springframework.boot.test.context.SpringBootTestContextBootstrapper=true}

  .   ____          _            __ _ _
 /\\ / ___'_ __ _ _(_)_ __  __ _ \ \ \ \
( ( )\___ | '_ | '_| | '_ \/ _` | \ \ \ \
 \\/  ___)| |_)| | | | | || (_| |  ) ) ) )
  '  |____| .__|_| |_|_| |_\__, | / / / /
 =========|_|==============|___/=/_/_/_/
 :: Spring Boot ::                (v2.4.1)

2021-01-13 18:01:28.503  INFO 54812 --- [    Test worker] com.example.todo.UnitTodoServiceTests    : Starting UnitTodoServiceTests using Java 14.0.2 on ZDENDA-PC with PID 54812 (started by luzki in D:\Greenfox\Luzkix\week-26_27_projectPhase_GIT_Security\ToDoAdvanced)
2021-01-13 18:01:28.507  INFO 54812 --- [    Test worker] com.example.todo.UnitTodoServiceTests    : No active profile set, falling back to default profiles: default
2021-01-13 18:01:29.771  INFO 54812 --- [    Test worker] .s.d.r.c.RepositoryConfigurationDelegate : Bootstrapping Spring Data JPA repositories in DEFAULT mode.
2021-01-13 18:01:29.897  INFO 54812 --- [    Test worker] .s.d.r.c.RepositoryConfigurationDelegate : Finished Spring Data repository scanning in 111 ms. Found 3 JPA repository interfaces.
2021-01-13 18:01:30.851  INFO 54812 --- [    Test worker] com.zaxxer.hikari.HikariDataSource       : HikariPool-1 - Starting...
2021-01-13 18:01:31.210  INFO 54812 --- [    Test worker] com.zaxxer.hikari.HikariDataSource       : HikariPool-1 - Start completed.
2021-01-13 18:01:31.342  INFO 54812 --- [    Test worker] o.hibernate.jpa.internal.util.LogHelper  : HHH000204: Processing PersistenceUnitInfo [name: default]
2021-01-13 18:01:31.451  INFO 54812 --- [    Test worker] org.hibernate.Version                    : HHH000412: Hibernate ORM core version 5.4.25.Final
2021-01-13 18:01:31.543  INFO 54812 --- [    Test worker] o.hibernate.annotations.common.Version   : HCANN000001: Hibernate Commons Annotations {5.1.2.Final}
2021-01-13 18:01:31.787  INFO 54812 --- [    Test worker] org.hibernate.dialect.Dialect            : HHH000400: Using dialect: org.hibernate.dialect.H2Dialect
2021-01-13 18:01:32.739  INFO 54812 --- [    Test worker] o.h.e.t.j.p.i.JtaPlatformInitiator       : HHH000490: Using JtaPlatform implementation: [org.hibernate.engine.transaction.jta.platform.internal.NoJtaPlatform]
2021-01-13 18:01:32.755  INFO 54812 --- [    Test worker] j.LocalContainerEntityManagerFactoryBean : Initialized JPA EntityManagerFactory for persistence unit 'default'
2021-01-13 18:01:33.596  WARN 54812 --- [    Test worker] JpaBaseConfiguration$JpaWebConfiguration : spring.jpa.open-in-view is enabled by default. Therefore, database queries may be performed during view rendering. Explicitly configure spring.jpa.open-in-view to disable this warning
2021-01-13 18:01:34.395  INFO 54812 --- [    Test worker] o.s.s.web.DefaultSecurityFilterChain     : Will secure any request with [org.springframework.security.web.context.request.async.WebAsyncManagerIntegrationFilter@14752677, org.springframework.security.web.context.SecurityContextPersistenceFilter@64e51318, org.springframework.security.web.header.HeaderWriterFilter@428ac613, org.springframework.security.web.authentication.logout.LogoutFilter@2ec749d9, com.example.todo.configuration.jwt.JwtFilter@605a3821, org.springframework.security.web.savedrequest.RequestCacheAwareFilter@651f5383, org.springframework.security.web.servletapi.SecurityContextHolderAwareRequestFilter@b043012, org.springframework.security.web.authentication.AnonymousAuthenticationFilter@2b964a89, org.springframework.security.web.session.SessionManagementFilter@eed0b37, org.springframework.security.web.access.ExceptionTranslationFilter@1d891e05, org.springframework.security.web.access.intercept.FilterSecurityInterceptor@45c2d1b3]
2021-01-13 18:01:35.079  INFO 54812 --- [    Test worker] o.s.s.concurrent.ThreadPoolTaskExecutor  : Initializing ExecutorService 'applicationTaskExecutor'
2021-01-13 18:01:36.481  INFO 54812 --- [    Test worker] com.example.todo.UnitTodoServiceTests    : Started UnitTodoServiceTests in 8.43 seconds (JVM running for 11.841)
]]></system-out>
  <system-err><![CDATA[]]></system-err>
</testsuite>
